Flow report for L9P1board
Sun Nov 08 21:12:17 2020
Quartus II 64-Bit Version 13.0.1 Build 232 06/12/2013 Service Pack 1 SJ Web Edition


---------------------
; Table of Contents ;
---------------------
  1. Legal Notice
  2. Flow Summary
  3. Flow Settings
  4. Flow Non-Default Global Settings
  5. Flow Elapsed Time
  6. Flow OS Summary
  7. Flow Log
  8. Flow Messages
  9. Flow Suppressed Messages



----------------
; Legal Notice ;
----------------
Copyright (C) 1991-2013 Altera Corporation
Your use of Altera Corporation's design tools, logic functions 
and other software and tools, and its AMPP partner logic 
functions, and any output files from any of the foregoing 
(including device programming or simulation files), and any 
associated documentation or information are expressly subject 
to the terms and conditions of the Altera Program License 
Subscription Agreement, Altera MegaCore Function License 
Agreement, or other applicable license agreement, including, 
without limitation, that your use is for the sole purpose of 
programming logic devices manufactured by Altera and sold by 
Altera or its authorized distributors.  Please refer to the 
applicable agreement for further details.



+--------------------------------------------------------------------------------------+
; Flow Summary                                                                         ;
+------------------------------------+-------------------------------------------------+
; Flow Status                        ; Successful - Sun Nov 08 21:12:17 2020           ;
; Quartus II 64-Bit Version          ; 13.0.1 Build 232 06/12/2013 SP 1 SJ Web Edition ;
; Revision Name                      ; L9P1board                                       ;
; Top-level Entity Name              ; L9P1board                                       ;
; Family                             ; Cyclone III                                     ;
; Device                             ; EP3C16F484C6                                    ;
; Timing Models                      ; Final                                           ;
; Total logic elements               ; 186 / 15,408 ( 1 % )                            ;
;     Total combinational functions  ; 147 / 15,408 ( < 1 % )                          ;
;     Dedicated logic registers      ; 103 / 15,408 ( < 1 % )                          ;
; Total registers                    ; 103                                             ;
; Total pins                         ; 23 / 347 ( 7 % )                                ;
; Total virtual pins                 ; 0                                               ;
; Total memory bits                  ; 0 / 516,096 ( 0 % )                             ;
; Embedded Multiplier 9-bit elements ; 0 / 112 ( 0 % )                                 ;
; Total PLLs                         ; 0 / 4 ( 0 % )                                   ;
+------------------------------------+-------------------------------------------------+


+-----------------------------------------+
; Flow Settings                           ;
+-------------------+---------------------+
; Option            ; Setting             ;
+-------------------+---------------------+
; Start date & time ; 11/02/2020 00:13:15 ;
; Main task         ; Compilation         ;
; Revision Name     ; L9P1board           ;
+-------------------+---------------------+


+---------------------------------------------------------------------------------------------------------------------+
; Flow Non-Default Global Settings                                                                                    ;
+-------------------------------------+--------------------------------+---------------+-------------+----------------+
; Assignment Name                     ; Value                          ; Default Value ; Entity Name ; Section Id     ;
+-------------------------------------+--------------------------------+---------------+-------------+----------------+
; COMPILER_SIGNATURE_ID               ; 70763223090924.160424719546716 ; --            ; --          ; --             ;
; EDA_GENERATE_FUNCTIONAL_NETLIST     ; On                             ; --            ; --          ; eda_simulation ;
; EDA_OUTPUT_DATA_FORMAT              ; Verilog Hdl                    ; --            ; --          ; eda_simulation ;
; EDA_SIMULATION_TOOL                 ; ModelSim-Altera (Verilog)      ; <None>        ; --          ; --             ;
; MAX_CORE_JUNCTION_TEMP              ; 85                             ; --            ; --          ; --             ;
; MIN_CORE_JUNCTION_TEMP              ; 0                              ; --            ; --          ; --             ;
; NOMINAL_CORE_SUPPLY_VOLTAGE         ; 1.2V                           ; --            ; --          ; --             ;
; PARTITION_COLOR                     ; 16764057                       ; --            ; --          ; Top            ;
; PARTITION_FITTER_PRESERVATION_LEVEL ; PLACEMENT_AND_ROUTING          ; --            ; --          ; Top            ;
; PARTITION_NETLIST_TYPE              ; SOURCE                         ; --            ; --          ; Top            ;
; PROJECT_OUTPUT_DIRECTORY            ; output_files                   ; --            ; --          ; --             ;
+-------------------------------------+--------------------------------+---------------+-------------+----------------+


+-------------------------------------------------------------------------------------------------------------------------------+
; Flow Elapsed Time                                                                                                             ;
+---------------------------+--------------+-------------------------+---------------------+------------------------------------+
; Module Name               ; Elapsed Time ; Average Processors Used ; Peak Virtual Memory ; Total CPU Time (on all processors) ;
+---------------------------+--------------+-------------------------+---------------------+------------------------------------+
; Analysis & Synthesis      ; 00:00:02     ; 1.0                     ; 581 MB              ; 00:00:02                           ;
; Fitter                    ; 00:00:08     ; 3.1                     ; 1469 MB             ; 00:00:11                           ;
; Assembler                 ; 00:00:01     ; 1.0                     ; 484 MB              ; 00:00:01                           ;
; TimeQuest Timing Analyzer ; 00:00:02     ; 4.0                     ; 601 MB              ; 00:00:02                           ;
; EDA Netlist Writer        ; 00:00:00     ; 1.0                     ; 441 MB              ; 00:00:01                           ;
; EDA Netlist Writer        ; 00:00:01     ; 1.0                     ; 448 MB              ; 00:00:01                           ;
; EDA Netlist Writer        ; 00:00:01     ; 1.0                     ; 448 MB              ; 00:00:01                           ;
; EDA Netlist Writer        ; 00:00:01     ; 1.0                     ; 448 MB              ; 00:00:01                           ;
; EDA Netlist Writer        ; 00:00:01     ; 1.0                     ; 448 MB              ; 00:00:01                           ;
; EDA Netlist Writer        ; 00:00:00     ; 1.0                     ; 448 MB              ; 00:00:01                           ;
; EDA Netlist Writer        ; 00:00:01     ; 1.0                     ; 448 MB              ; 00:00:01                           ;
; EDA Netlist Writer        ; 00:00:01     ; 1.0                     ; 448 MB              ; 00:00:01                           ;
; EDA Netlist Writer        ; 00:00:01     ; 1.0                     ; 448 MB              ; 00:00:01                           ;
; EDA Netlist Writer        ; 00:00:00     ; 1.0                     ; 448 MB              ; 00:00:01                           ;
; EDA Netlist Writer        ; 00:00:01     ; 1.0                     ; 448 MB              ; 00:00:01                           ;
; Total                     ; 00:00:21     ; --                      ; --                  ; 00:00:27                           ;
+---------------------------+--------------+-------------------------+---------------------+------------------------------------+


+----------------------------------------------------------------------------------------+
; Flow OS Summary                                                                        ;
+---------------------------+------------------+-----------+------------+----------------+
; Module Name               ; Machine Hostname ; OS Name   ; OS Version ; Processor type ;
+---------------------------+------------------+-----------+------------+----------------+
; Analysis & Synthesis      ; PCMICRO-3RQQCNG  ; Windows 7 ; 6.2        ; x86_64         ;
; Fitter                    ; PCMICRO-3RQQCNG  ; Windows 7 ; 6.2        ; x86_64         ;
; Assembler                 ; PCMICRO-3RQQCNG  ; Windows 7 ; 6.2        ; x86_64         ;
; TimeQuest Timing Analyzer ; PCMICRO-3RQQCNG  ; Windows 7 ; 6.2        ; x86_64         ;
; EDA Netlist Writer        ; PCMICRO-3RQQCNG  ; Windows 7 ; 6.2        ; x86_64         ;
; EDA Netlist Writer        ; PCMICRO-3RQQCNG  ; Windows 7 ; 6.2        ; x86_64         ;
; EDA Netlist Writer        ; PCMICRO-3RQQCNG  ; Windows 7 ; 6.2        ; x86_64         ;
; EDA Netlist Writer        ; PCMICRO-3RQQCNG  ; Windows 7 ; 6.2        ; x86_64         ;
; EDA Netlist Writer        ; PCMICRO-3RQQCNG  ; Windows 7 ; 6.2        ; x86_64         ;
; EDA Netlist Writer        ; PCMICRO-3RQQCNG  ; Windows 7 ; 6.2        ; x86_64         ;
; EDA Netlist Writer        ; PCMICRO-3RQQCNG  ; Windows 7 ; 6.2        ; x86_64         ;
; EDA Netlist Writer        ; PCMICRO-3RQQCNG  ; Windows 7 ; 6.2        ; x86_64         ;
; EDA Netlist Writer        ; PCMICRO-3RQQCNG  ; Windows 7 ; 6.2        ; x86_64         ;
; EDA Netlist Writer        ; PCMICRO-3RQQCNG  ; Windows 7 ; 6.2        ; x86_64         ;
; EDA Netlist Writer        ; PCMICRO-3RQQCNG  ; Windows 7 ; 6.2        ; x86_64         ;
+---------------------------+------------------+-----------+------------+----------------+


------------
; Flow Log ;
------------
quartus_map --read_settings_files=on --write_settings_files=off L9P1board -c L9P1board
quartus_fit --read_settings_files=off --write_settings_files=off L9P1board -c L9P1board
quartus_asm --read_settings_files=off --write_settings_files=off L9P1board -c L9P1board
quartus_sta L9P1board -c L9P1board
quartus_eda --read_settings_files=off --write_settings_files=off L9P1board -c L9P1board
quartus_eda --gen_testbench --check_outputs=on --tool=modelsim_oem --format=verilog L9P1board -c L9P1board --vector_source=D:/unsw/3222/lab/lab9/L9P1board/Waveform.vwf --testbench_file=./simulation/qsim/L9P1board.vt
quartus_eda --functional=on --simulation=on --tool=modelsim_oem --format=verilog L9P1board -c L9P1board
quartus_eda --gen_testbench --check_outputs=on --tool=modelsim_oem --format=verilog L9P1board -c L9P1board --vector_source=D:/unsw/3222/lab/lab9/L9P1board/Waveform.vwf --testbench_file=./simulation/qsim/L9P1board.vt
quartus_eda --functional=on --simulation=on --tool=modelsim_oem --format=verilog L9P1board -c L9P1board
quartus_eda --gen_testbench --check_outputs=on --tool=modelsim_oem --format=verilog L9P1board -c L9P1board --vector_source=D:/unsw/3222/lab/lab9/L9P1board/Waveform.vwf --testbench_file=./simulation/qsim/L9P1board.vt
quartus_eda --functional=on --simulation=on --tool=modelsim_oem --format=verilog L9P1board -c L9P1board
quartus_eda --gen_testbench --check_outputs=on --tool=modelsim_oem --format=verilog L9P1board -c L9P1board --vector_source=D:/unsw/3222/lab/lab9/L9P1board/Waveform.vwf --testbench_file=./simulation/qsim/L9P1board.vt
quartus_eda --functional=on --simulation=on --tool=modelsim_oem --format=verilog L9P1board -c L9P1board
quartus_eda --gen_testbench --check_outputs=on --tool=modelsim_oem --format=verilog L9P1board -c L9P1board --vector_source=D:/unsw/3222/lab/lab9/L9P1board/Waveform.vwf --testbench_file=./simulation/qsim/L9P1board.vt
quartus_eda --functional=on --simulation=on --tool=modelsim_oem --format=verilog L9P1board -c L9P1board



